{
  "RSpec": {
    "coverage": {
      "/home/rd/Rails/spende/app/helpers/application_helper.rb": {
        "lines": [
          1,
          null
        ]
      },
      "/home/rd/Rails/spende/app/helpers/input_helper.rb": {
        "lines": [
          1,
          null
        ]
      },
      "/home/rd/Rails/spende/app/helpers/meetings_items_helper.rb": {
        "lines": [
          null,
          null,
          1,
          null
        ]
      },
      "/home/rd/Rails/spende/app/helpers/meetings_lists_helper.rb": {
        "lines": [
          null,
          null,
          1,
          null
        ]
      },
      "/home/rd/Rails/spende/app/helpers/static_pages_helper.rb": {
        "lines": [
          1,
          null
        ]
      },
      "/home/rd/Rails/spende/app/helpers/users_helper.rb": {
        "lines": [
          1,
          null
        ]
      },
      "/home/rd/Rails/spende/spec/support/controller_macros.rb": {
        "lines": [
          1,
          1,
          2,
          3,
          3,
          3,
          null,
          null,
          null,
          1,
          1,
          1,
          1,
          1,
          null,
          null,
          null,
          1,
          6,
          10,
          10,
          10,
          null,
          null,
          null
        ]
      },
      "/home/rd/Rails/spende/spec/support/capybara.rb": {
        "lines": [
          1
        ]
      },
      "/home/rd/Rails/spende/spec/support/factory_bot.rb": {
        "lines": [
          1,
          1,
          null
        ]
      },
      "/home/rd/Rails/spende/spec/support/session_helper.rb": {
        "lines": [
          1,
          1,
          1,
          4,
          4,
          4,
          4,
          null,
          null,
          null
        ]
      },
      "/home/rd/Rails/spende/spec/controllers/meetings_items_controller_spec.rb": {
        "lines": [
          1,
          null
        ]
      },
      "/home/rd/Rails/spende/app/controllers/meetings_items_controller.rb": {
        "lines": [
          null,
          null,
          1,
          1,
          1,
          1,
          0,
          0,
          0,
          0,
          null,
          0,
          null,
          null,
          null,
          1,
          0,
          null,
          null,
          1,
          0,
          0,
          null,
          0,
          null,
          0,
          null,
          null,
          1,
          0,
          0,
          null,
          null,
          1,
          null,
          1,
          0,
          null,
          null,
          1,
          0,
          null,
          null,
          1,
          0,
          null,
          null
        ]
      },
      "/home/rd/Rails/spende/app/controllers/application_controller.rb": {
        "lines": [
          null,
          null,
          1,
          1,
          1,
          1,
          null,
          1,
          null,
          1,
          3,
          3,
          null,
          null
        ]
      },
      "/home/rd/Rails/spende/spec/controllers/meetings_lists_controller_spec.rb": {
        "lines": [
          1,
          6,
          null,
          1,
          1,
          1,
          1,
          null,
          null,
          1,
          1,
          1,
          null,
          null,
          null,
          1,
          1,
          1,
          1,
          1,
          1,
          null,
          null,
          1,
          1,
          1,
          null,
          null,
          null,
          1,
          1,
          1,
          1,
          1,
          null,
          null,
          null,
          1,
          1,
          1,
          1,
          1,
          null,
          null,
          null,
          null,
          1,
          1,
          1,
          1,
          1,
          1,
          1,
          1,
          1,
          null,
          null,
          null,
          1,
          1,
          1,
          1,
          1,
          null,
          null,
          null,
          null,
          1,
          1,
          1,
          1,
          1,
          1,
          1,
          null,
          null,
          null,
          1,
          1,
          1,
          1,
          1,
          null,
          null,
          null,
          null,
          1,
          1,
          1,
          1,
          1,
          1,
          1,
          null,
          2,
          null,
          1,
          1,
          null,
          1,
          null,
          null,
          1,
          1,
          null,
          1,
          1,
          null,
          null,
          null,
          null,
          1,
          1,
          4,
          null,
          null,
          null,
          null,
          1,
          1,
          1,
          1,
          null,
          null,
          1,
          null,
          null,
          1,
          1,
          null,
          null,
          1,
          1,
          1,
          null,
          null,
          null,
          1,
          1,
          1,
          1,
          null,
          null,
          1,
          null,
          null,
          1,
          1,
          null,
          null,
          1,
          1,
          1,
          null,
          null,
          null,
          null,
          1,
          1,
          2,
          null,
          null,
          1,
          1,
          1,
          1,
          1,
          null,
          null,
          null,
          null,
          1,
          1,
          1,
          1,
          null,
          null,
          null,
          null,
          null
        ]
      },
      "/home/rd/Rails/spende/app/controllers/meetings_lists_controller.rb": {
        "lines": [
          1,
          1,
          1,
          null,
          null,
          null,
          1,
          3,
          null,
          null,
          null,
          null,
          1,
          1,
          null,
          null,
          null,
          1,
          4,
          4,
          null,
          null,
          null,
          1,
          null,
          null,
          null,
          1,
          3,
          null,
          3,
          3,
          4,
          2,
          null,
          2,
          1,
          null,
          null,
          null,
          null,
          null,
          null,
          1,
          4,
          4,
          2,
          2,
          null,
          null,
          2,
          null,
          4,
          2,
          null,
          null,
          null,
          null,
          null,
          null,
          1,
          1,
          1,
          1,
          1,
          1,
          null,
          null,
          1,
          null,
          null,
          null,
          1,
          null,
          null,
          1,
          7,
          null,
          null,
          null,
          1,
          7,
          null,
          null
        ]
      },
      "/home/rd/Rails/spende/spec/controllers/static_pages_controller_spec.rb": {
        "lines": [
          1,
          1,
          1,
          1,
          1,
          1,
          1,
          1,
          null,
          null,
          1,
          1,
          1,
          1,
          null,
          null,
          1,
          1,
          1,
          1,
          null,
          null,
          null,
          null
        ]
      },
      "/home/rd/Rails/spende/app/controllers/static_pages_controller.rb": {
        "lines": [
          null,
          null,
          1,
          1,
          null,
          1,
          null,
          1,
          null
        ]
      },
      "/home/rd/Rails/spende/spec/features/admin/sign_in_admin_spec.rb": {
        "lines": [

        ]
      },
      "/home/rd/Rails/spende/spec/features/editor/sign_in_editor_spec.rb": {
        "lines": [

        ]
      },
      "/home/rd/Rails/spende/spec/features/user/edit_user_page_spec.rb": {
        "lines": [
          1,
          null,
          1,
          1,
          null,
          null,
          1,
          1,
          1,
          1,
          1,
          1,
          1,
          1,
          1,
          null,
          null
        ]
      },
      "/home/rd/Rails/spende/spec/features/user/sign_in_user_spec.rb": {
        "lines": [
          1,
          1,
          4,
          null,
          1,
          1,
          1,
          null,
          null,
          1,
          1,
          1,
          null,
          null,
          1,
          1,
          1,
          null,
          null,
          1,
          1,
          1,
          null,
          null
        ]
      },
      "/home/rd/Rails/spende/spec/features/user/user_index_spec.rb": {
        "lines": [
          1,
          1,
          1,
          1,
          1,
          1,
          null,
          null,
          1,
          1,
          1,
          1,
          1,
          null,
          null
        ]
      },
      "/home/rd/Rails/spende/spec/features/visitor/home_page_spec.rb": {
        "lines": [
          1,
          1,
          1,
          1,
          1,
          1,
          null,
          null,
          1,
          1,
          1,
          null,
          null,
          1,
          1,
          1,
          null,
          null,
          1,
          1,
          1,
          1,
          null,
          null
        ]
      },
      "/home/rd/Rails/spende/spec/models/meetings_item_spec.rb": {
        "lines": [
          1,
          5,
          null,
          1,
          2,
          null,
          null,
          1,
          1,
          null,
          null,
          1,
          1,
          1,
          null,
          1,
          1,
          1,
          null,
          null,
          1,
          1,
          1,
          null,
          null
        ]
      },
      "/home/rd/Rails/spende/app/models/meetings_item.rb": {
        "lines": [
          null,
          1,
          1,
          null,
          1,
          1,
          1,
          1,
          null,
          null
        ]
      },
      "/home/rd/Rails/spende/spec/models/meetings_list_spec.rb": {
        "lines": [
          1,
          4,
          null,
          1,
          2,
          null,
          null,
          1,
          1,
          1,
          1,
          null,
          null,
          1,
          1,
          1,
          null,
          null,
          1,
          1,
          1,
          null,
          null,
          null,
          null
        ]
      },
      "/home/rd/Rails/spende/app/models/meetings_list.rb": {
        "lines": [
          null,
          null,
          1,
          1,
          1,
          null
        ]
      },
      "/home/rd/Rails/spende/spec/models/user_spec.rb": {
        "lines": [
          1,
          null,
          1,
          1,
          1,
          null,
          null,
          1,
          1,
          null,
          null,
          1,
          1,
          null,
          null,
          1,
          1,
          1,
          1,
          null,
          null,
          2,
          null,
          1,
          2,
          2,
          null,
          null
        ]
      },
      "/home/rd/Rails/spende/spec/views/new_m_item_spec.rb": {
        "lines": [

        ]
      },
      "/home/rd/Rails/spende/spec/views/new_m_list_spec.rb": {
        "lines": [

        ]
      },
      "/home/rd/Rails/spende/spec/views/static_pages_spec.rb": {
        "lines": [

        ]
      },
      "/home/rd/Rails/spende/app/policies/meetings_list_policy.rb": {
        "lines": [
          1,
          1,
          1,
          0,
          0,
          null,
          0,
          null,
          null,
          null,
          null,
          1,
          4,
          null,
          null,
          1,
          1,
          null,
          null,
          1,
          1,
          null,
          null
        ]
      },
      "/home/rd/Rails/spende/app/policies/application_policy.rb": {
        "lines": [
          1,
          1,
          null,
          1,
          6,
          6,
          null,
          null,
          1,
          0,
          null,
          null,
          1,
          0,
          null,
          null,
          1,
          0,
          null,
          null,
          1,
          0,
          null,
          null,
          1,
          0,
          null,
          null,
          1,
          0,
          null,
          null,
          1,
          0,
          null,
          null,
          1,
          1,
          null,
          1,
          0,
          0,
          null,
          null,
          1,
          0,
          null,
          null,
          null
        ]
      },
      "/home/rd/Rails/spende/app/controllers/users_controller.rb": {
        "lines": [
          null,
          null,
          1,
          1,
          1,
          null,
          1,
          2,
          2,
          null,
          null,
          1,
          0,
          0,
          null,
          null,
          1,
          0,
          0,
          0,
          0,
          null,
          null,
          1,
          0,
          0,
          null,
          0,
          null,
          0,
          null,
          null,
          0,
          0,
          null,
          null,
          null,
          1,
          null,
          1,
          0,
          null,
          null
        ]
      },
      "/home/rd/Rails/spende/app/policies/user_policy.rb": {
        "lines": [
          1,
          1,
          null,
          1,
          2,
          2,
          null,
          null,
          1,
          2,
          null,
          null,
          1,
          0,
          null,
          null,
          1,
          0,
          null,
          null,
          1,
          0,
          null,
          0,
          null,
          null
        ]
      }
    },
    "timestamp": 1591703030
  }
}
